e:\githubrepo\recalculatingalgorithmv2\debug\white.dds
e:\githubrepo\recalculatingalgorithmv2\debug\logo_small.dds
e:\githubrepo\recalculatingalgorithmv2\debug\grass.dds
e:\githubrepo\recalculatingalgorithmv2\debug\jemina vase -up.cmo
e:\githubrepo\recalculatingalgorithmv2\debug\_visual studio 2015_common7_ide_extensions_microsoft_vsgraphics_assets_effects_phong.dgsl.cso
e:\githubrepo\recalculatingalgorithmv2\debug\_githubrepo_recalculatingalgorithmv2_assets_jemina vase__df.jpg.dds
e:\githubrepo\recalculatingalgorithmv2\debug\birdmodelv1.cmo
e:\githubrepo\recalculatingalgorithmv2\debug\_visual studio 2015_common7_ide_extensions_microsoft_vsgraphics_assets_effects_lambert.dgsl.cso
e:\githubrepo\recalculatingalgorithmv2\debug\_githubrepo_recalculatingalgorithmv2_assets_birdtext6.jpg.dds
e:\githubrepo\recalculatingalgorithmv2\debug\_githubrepo_recalculatingalgorithmv2_assets_birdtext7.jpg.dds
e:\githubrepo\recalculatingalgorithmv2\debug\_githubrepo_recalculatingalgorithmv2_assets_birdtext9.jpg.dds
e:\githubrepo\recalculatingalgorithmv2\debug\_githubrepo_recalculatingalgorithmv2_assets_birdtext10.jpg.dds
e:\githubrepo\recalculatingalgorithmv2\assets\table.fbm\jalka.png
e:\githubrepo\recalculatingalgorithmv2\assets\table.fbm\poytalevy.png
e:\githubrepo\recalculatingalgorithmv2\debug\table.cmo
e:\githubrepo\recalculatingalgorithmv2\debug\_githubrepo_recalculatingalgorithmv2_assets_table.fbm_jalka.png.dds
e:\githubrepo\recalculatingalgorithmv2\debug\_githubrepo_recalculatingalgorithmv2_assets_table.fbm_poytalevy.png.dds
c:\programdata\nvidia corporation\drs\nvapptimestamps
e:\githubrepo\recalculatingalgorithmv2\assets\debug\assets.tlog\imagecontenttask-vsgraphics.12280.read.1.tlog
e:\githubrepo\recalculatingalgorithmv2\assets\debug\assets.tlog\imagecontenttask-vsgraphics.12280.read.3.tlog
e:\githubrepo\recalculatingalgorithmv2\assets\debug\assets.tlog\imagecontenttask-vsgraphics.12280.write.1.tlog
e:\githubrepo\recalculatingalgorithmv2\assets\debug\assets.tlog\imagecontenttask-vsgraphics.12280.write.3.tlog
e:\githubrepo\recalculatingalgorithmv2\assets\debug\assets.tlog\imagecontenttask-vsgraphics.20912.read.1.tlog
e:\githubrepo\recalculatingalgorithmv2\assets\debug\assets.tlog\imagecontenttask-vsgraphics.20912.write.1.tlog
e:\githubrepo\recalculatingalgorithmv2\assets\debug\assets.tlog\imagecontenttask-vsgraphics.read.1.tlog
e:\githubrepo\recalculatingalgorithmv2\assets\debug\assets.tlog\imagecontenttask-vsgraphics.read.3.tlog
e:\githubrepo\recalculatingalgorithmv2\assets\debug\assets.tlog\imagecontenttask-vsgraphics.write.1.tlog
e:\githubrepo\recalculatingalgorithmv2\assets\debug\assets.tlog\imagecontenttask-vsgraphics.write.3.tlog
e:\githubrepo\recalculatingalgorithmv2\assets\debug\assets.tlog\meshcontenttask-vsgraphics.18208.read.1.tlog
e:\githubrepo\recalculatingalgorithmv2\assets\debug\assets.tlog\meshcontenttask-vsgraphics.18208.read.3.tlog
e:\githubrepo\recalculatingalgorithmv2\assets\debug\assets.tlog\meshcontenttask-vsgraphics.18208.write.1.tlog
e:\githubrepo\recalculatingalgorithmv2\assets\debug\assets.tlog\meshcontenttask-vsgraphics.18208.write.3.tlog
e:\githubrepo\recalculatingalgorithmv2\assets\debug\assets.tlog\meshcontenttask-vsgraphics.8928.read.1.tlog
e:\githubrepo\recalculatingalgorithmv2\assets\debug\assets.tlog\meshcontenttask-vsgraphics.8928.read.3.tlog
e:\githubrepo\recalculatingalgorithmv2\assets\debug\assets.tlog\meshcontenttask-vsgraphics.8928.write.1.tlog
e:\githubrepo\recalculatingalgorithmv2\assets\debug\assets.tlog\meshcontenttask-vsgraphics.8928.write.3.tlog
e:\githubrepo\recalculatingalgorithmv2\assets\debug\assets.tlog\meshcontenttask-vsgraphics.read.1.tlog
e:\githubrepo\recalculatingalgorithmv2\assets\debug\assets.tlog\meshcontenttask-vsgraphics.read.3.tlog
e:\githubrepo\recalculatingalgorithmv2\assets\debug\assets.tlog\meshcontenttask-vsgraphics.write.1.tlog
e:\githubrepo\recalculatingalgorithmv2\assets\debug\assets.tlog\meshcontenttask-vsgraphics.write.3.tlog
