c:\users\nick\documents\git\recalculatingalgorithmv2\audio\libs\win32\debug\directxtkaudiowin8.pch
c:\users\nick\documents\git\recalculatingalgorithmv2\audio\libs\win32\debug\directxtkaudiowin8.pdb
c:\users\nick\documents\git\recalculatingalgorithmv2\audio\libs\win32\debug\directxtkaudiowin8.idb
c:\users\nick\documents\git\recalculatingalgorithmv2\audio\libs\win32\debug\audioengine.obj
c:\users\nick\documents\git\recalculatingalgorithmv2\audio\libs\win32\debug\dynamicsoundeffectinstance.obj
c:\users\nick\documents\git\recalculatingalgorithmv2\audio\libs\win32\debug\soundcommon.obj
c:\users\nick\documents\git\recalculatingalgorithmv2\audio\libs\win32\debug\soundeffect.obj
c:\users\nick\documents\git\recalculatingalgorithmv2\audio\libs\win32\debug\soundeffectinstance.obj
c:\users\nick\documents\git\recalculatingalgorithmv2\audio\libs\win32\debug\wavebank.obj
c:\users\nick\documents\git\recalculatingalgorithmv2\audio\libs\win32\debug\wavebankreader.obj
c:\users\nick\documents\git\recalculatingalgorithmv2\audio\libs\win32\debug\wavfilereader.obj
c:\users\nick\documents\git\recalculatingalgorithmv2\audio\libs\win32\debug\directxtkaudiowin8.lib
e:\githubrepo\recalculatingalgorithmv2\audio\libs\win32\debug\audioengine.obj
e:\githubrepo\recalculatingalgorithmv2\audio\libs\win32\debug\dynamicsoundeffectinstance.obj
e:\githubrepo\recalculatingalgorithmv2\audio\libs\win32\debug\soundcommon.obj
e:\githubrepo\recalculatingalgorithmv2\audio\libs\win32\debug\soundeffect.obj
e:\githubrepo\recalculatingalgorithmv2\audio\libs\win32\debug\soundeffectinstance.obj
e:\githubrepo\recalculatingalgorithmv2\audio\libs\win32\debug\wavebank.obj
e:\githubrepo\recalculatingalgorithmv2\audio\libs\win32\debug\wavebankreader.obj
e:\githubrepo\recalculatingalgorithmv2\audio\libs\win32\debug\wavfilereader.obj
e:\githubrepo\recalculatingalgorithmv2\audio\libs\win32\debug\directxtkaudiowin8.pch
e:\githubrepo\recalculatingalgorithmv2\audio\libs\win32\debug\directxtkaudiowin8.idb
e:\githubrepo\recalculatingalgorithmv2\audio\libs\win32\debug\directxtkaudiowin8.pdb
e:\githubrepo\recalculatingalgorithmv2\audio\libs\win32\debug\directxtkaudiowin8.lib
e:\githubrepo\recalculatingalgorithmv2\audio\libs\win32\debug\directxt.4f150a30.tlog\cl.command.1.tlog
e:\githubrepo\recalculatingalgorithmv2\audio\libs\win32\debug\directxt.4f150a30.tlog\cl.read.1.tlog
e:\githubrepo\recalculatingalgorithmv2\audio\libs\win32\debug\directxt.4f150a30.tlog\cl.write.1.tlog
e:\githubrepo\recalculatingalgorithmv2\audio\libs\win32\debug\directxt.4f150a30.tlog\lib-link.read.1.tlog
e:\githubrepo\recalculatingalgorithmv2\audio\libs\win32\debug\directxt.4f150a30.tlog\lib-link.write.1.tlog
e:\githubrepo\recalculatingalgorithmv2\audio\libs\win32\debug\directxt.4f150a30.tlog\lib.command.1.tlog
