e:\githubrepo\recalculatingalgorithmv2\game\debug\vc140.pdb
e:\githubrepo\recalculatingalgorithmv2\game\debug\vc140.idb
e:\githubrepo\recalculatingalgorithmv2\game\debug\vbcube.obj
e:\githubrepo\recalculatingalgorithmv2\game\debug\player.obj
e:\githubrepo\recalculatingalgorithmv2\game\debug\tree.obj
e:\githubrepo\recalculatingalgorithmv2\game\debug\treebit.obj
e:\githubrepo\recalculatingalgorithmv2\game\debug\tpscamera.obj
e:\githubrepo\recalculatingalgorithmv2\game\debug\terrain.obj
e:\githubrepo\recalculatingalgorithmv2\game\debug\vbsnail.obj
e:\githubrepo\recalculatingalgorithmv2\game\debug\textgo2d.obj
e:\githubrepo\recalculatingalgorithmv2\game\debug\main.obj
e:\githubrepo\recalculatingalgorithmv2\game\debug\light.obj
e:\githubrepo\recalculatingalgorithmv2\game\debug\imagego2d.obj
e:\githubrepo\recalculatingalgorithmv2\game\debug\grid.obj
e:\githubrepo\recalculatingalgorithmv2\game\debug\gameobject2d.obj
e:\githubrepo\recalculatingalgorithmv2\game\debug\app.obj
e:\githubrepo\recalculatingalgorithmv2\game\debug\gameobject.obj
e:\githubrepo\recalculatingalgorithmv2\game\debug\game.obj
e:\githubrepo\recalculatingalgorithmv2\game\debug\filevbgo.obj
e:\githubrepo\recalculatingalgorithmv2\game\debug\cmogo.obj
e:\githubrepo\recalculatingalgorithmv2\game\debug\cell.obj
e:\githubrepo\recalculatingalgorithmv2\game\debug\camera.obj
e:\githubrepo\recalculatingalgorithmv2\game\debug\vbgo.obj
e:\githubrepo\recalculatingalgorithmv2\game\debug\tutorial01.res
e:\githubrepo\recalculatingalgorithmv2\debug\game.pdb
e:\githubrepo\recalculatingalgorithmv2\game\debug\game.tlog\cl.command.1.tlog
e:\githubrepo\recalculatingalgorithmv2\game\debug\game.tlog\cl.read.1.tlog
e:\githubrepo\recalculatingalgorithmv2\game\debug\game.tlog\cl.write.1.tlog
e:\githubrepo\recalculatingalgorithmv2\game\debug\game.tlog\link-cvtres.read.1.tlog
e:\githubrepo\recalculatingalgorithmv2\game\debug\game.tlog\link-cvtres.write.1.tlog
e:\githubrepo\recalculatingalgorithmv2\game\debug\game.tlog\link-mt.read.1.tlog
e:\githubrepo\recalculatingalgorithmv2\game\debug\game.tlog\link-mt.write.1.tlog
e:\githubrepo\recalculatingalgorithmv2\game\debug\game.tlog\link-rc.read.1.tlog
e:\githubrepo\recalculatingalgorithmv2\game\debug\game.tlog\link-rc.write.1.tlog
e:\githubrepo\recalculatingalgorithmv2\game\debug\game.tlog\link.command.1.tlog
e:\githubrepo\recalculatingalgorithmv2\game\debug\game.tlog\link.read.1.tlog
e:\githubrepo\recalculatingalgorithmv2\game\debug\game.tlog\link.write.1.tlog
e:\githubrepo\recalculatingalgorithmv2\game\debug\game.tlog\rc.command.1.tlog
e:\githubrepo\recalculatingalgorithmv2\game\debug\game.tlog\rc.read.1.tlog
e:\githubrepo\recalculatingalgorithmv2\game\debug\game.tlog\rc.write.1.tlog
