e:\githubrepo\recalculatingalgorithmv2\libs\win32\debug\directxtk.pch
e:\githubrepo\recalculatingalgorithmv2\libs\win32\debug\directxtk.pdb
e:\githubrepo\recalculatingalgorithmv2\libs\win32\debug\directxtk.idb
e:\githubrepo\recalculatingalgorithmv2\libs\win32\debug\pch.obj
e:\githubrepo\recalculatingalgorithmv2\libs\win32\debug\binaryreader.obj
e:\githubrepo\recalculatingalgorithmv2\libs\win32\debug\effectcommon.obj
e:\githubrepo\recalculatingalgorithmv2\libs\win32\debug\effectfactory.obj
e:\githubrepo\recalculatingalgorithmv2\libs\win32\debug\environmentmapeffect.obj
e:\githubrepo\recalculatingalgorithmv2\libs\win32\debug\gamepad.obj
e:\githubrepo\recalculatingalgorithmv2\libs\win32\debug\geometricprimitive.obj
e:\githubrepo\recalculatingalgorithmv2\libs\win32\debug\keyboard.obj
e:\githubrepo\recalculatingalgorithmv2\libs\win32\debug\model.obj
e:\githubrepo\recalculatingalgorithmv2\libs\win32\debug\modelloadcmo.obj
e:\githubrepo\recalculatingalgorithmv2\libs\win32\debug\modelloadsdkmesh.obj
e:\githubrepo\recalculatingalgorithmv2\libs\win32\debug\modelloadvbo.obj
e:\githubrepo\recalculatingalgorithmv2\libs\win32\debug\mouse.obj
e:\githubrepo\recalculatingalgorithmv2\libs\win32\debug\screengrab.obj
e:\githubrepo\recalculatingalgorithmv2\libs\win32\debug\simplemath.obj
e:\githubrepo\recalculatingalgorithmv2\libs\win32\debug\skinnedeffect.obj
e:\githubrepo\recalculatingalgorithmv2\libs\win32\debug\spritebatch.obj
e:\githubrepo\recalculatingalgorithmv2\libs\win32\debug\primitivebatch.obj
e:\githubrepo\recalculatingalgorithmv2\libs\win32\debug\spritefont.obj
e:\githubrepo\recalculatingalgorithmv2\libs\win32\debug\vertextypes.obj
e:\githubrepo\recalculatingalgorithmv2\libs\win32\debug\wictextureloader.obj
e:\githubrepo\recalculatingalgorithmv2\libs\win32\debug\alphatesteffect.obj
e:\githubrepo\recalculatingalgorithmv2\libs\win32\debug\basiceffect.obj
e:\githubrepo\recalculatingalgorithmv2\libs\win32\debug\commonstates.obj
e:\githubrepo\recalculatingalgorithmv2\libs\win32\debug\ddstextureloader.obj
e:\githubrepo\recalculatingalgorithmv2\libs\win32\debug\dgsleffect.obj
e:\githubrepo\recalculatingalgorithmv2\libs\win32\debug\dgsleffectfactory.obj
e:\githubrepo\recalculatingalgorithmv2\libs\win32\debug\dualtextureeffect.obj
e:\githubrepo\recalculatingalgorithmv2\libs\win32\debug\directxtk.lib
e:\githubrepo\recalculatingalgorithmv2\libs\win32\debug\directxt.e0b52ae7.tlog\cl.command.1.tlog
e:\githubrepo\recalculatingalgorithmv2\libs\win32\debug\directxt.e0b52ae7.tlog\cl.read.1.tlog
e:\githubrepo\recalculatingalgorithmv2\libs\win32\debug\directxt.e0b52ae7.tlog\cl.write.1.tlog
e:\githubrepo\recalculatingalgorithmv2\libs\win32\debug\directxt.e0b52ae7.tlog\lib-link.read.1.tlog
e:\githubrepo\recalculatingalgorithmv2\libs\win32\debug\directxt.e0b52ae7.tlog\lib-link.write.1.tlog
e:\githubrepo\recalculatingalgorithmv2\libs\win32\debug\directxt.e0b52ae7.tlog\lib.command.1.tlog
